c:\users\alexandr\source\repos\alonehero1\alonehero1\x64\debug\vc142.pdb
c:\users\alexandr\source\repos\alonehero1\alonehero1\x64\debug\vc142.idb
c:\users\alexandr\source\repos\alonehero1\alonehero1\x64\debug\tinyxmlparser.obj
c:\users\alexandr\source\repos\alonehero1\alonehero1\x64\debug\tinyxmlerror.obj
c:\users\alexandr\source\repos\alonehero1\alonehero1\x64\debug\tinyxml.obj
c:\users\alexandr\source\repos\alonehero1\alonehero1\x64\debug\tinystr.obj
c:\users\alexandr\source\repos\alonehero1\alonehero1\x64\debug\supportitem.obj
c:\users\alexandr\source\repos\alonehero1\alonehero1\x64\debug\skeleton.obj
c:\users\alexandr\source\repos\alonehero1\alonehero1\x64\debug\redpotion.obj
c:\users\alexandr\source\repos\alonehero1\alonehero1\x64\debug\player.obj
c:\users\alexandr\source\repos\alonehero1\alonehero1\x64\debug\mushroom.obj
c:\users\alexandr\source\repos\alonehero1\alonehero1\x64\debug\main.obj
c:\users\alexandr\source\repos\alonehero1\alonehero1\x64\debug\level.obj
c:\users\alexandr\source\repos\alonehero1\alonehero1\x64\debug\greenpotion.obj
c:\users\alexandr\source\repos\alonehero1\alonehero1\x64\debug\eye.obj
c:\users\alexandr\source\repos\alonehero1\alonehero1\x64\debug\entity.obj
c:\users\alexandr\source\repos\alonehero1\alonehero1\x64\debug\enemy.obj
c:\users\alexandr\source\repos\alonehero1\x64\debug\alonehero1.exe
c:\users\alexandr\source\repos\alonehero1\alonehero1\x64\debug\alonehero1.ilk
c:\users\alexandr\source\repos\alonehero1\x64\debug\alonehero1.pdb
c:\users\alexandr\source\repos\alonehero1\alonehero1\x64\debug\alonehero1.tlog\cl.command.1.tlog
c:\users\alexandr\source\repos\alonehero1\alonehero1\x64\debug\alonehero1.tlog\cl.read.1.tlog
c:\users\alexandr\source\repos\alonehero1\alonehero1\x64\debug\alonehero1.tlog\cl.write.1.tlog
c:\users\alexandr\source\repos\alonehero1\alonehero1\x64\debug\alonehero1.tlog\link.command.1.tlog
c:\users\alexandr\source\repos\alonehero1\alonehero1\x64\debug\alonehero1.tlog\link.read.1.tlog
c:\users\alexandr\source\repos\alonehero1\alonehero1\x64\debug\alonehero1.tlog\link.write.1.tlog
