  Enemy.cpp
C:\Users\Alexandr\source\repos\AloneHero1\AloneHero1\Goblin.h(7,97): warning C4244: аргумент: преобразование "double" в "int", возможна потеря данных
C:\Users\Alexandr\source\repos\AloneHero1\AloneHero1\Enemy.cpp(116,115): warning C4244: аргумент: преобразование "double" в "T", возможна потеря данных
          with
          [
              T=int
          ]
C:\Users\Alexandr\source\repos\AloneHero1\AloneHero1\Enemy.cpp(116,108): warning C4244: аргумент: преобразование "double" в "T", возможна потеря данных
          with
          [
              T=int
          ]
C:\Users\Alexandr\source\repos\AloneHero1\AloneHero1\Enemy.cpp(116,94): warning C4244: аргумент: преобразование "double" в "T", возможна потеря данных
          with
          [
              T=int
          ]
C:\Users\Alexandr\source\repos\AloneHero1\AloneHero1\Enemy.cpp(116,52): warning C4244: аргумент: преобразование "double" в "T", возможна потеря данных
          with
          [
              T=int
          ]
C:\Users\Alexandr\source\repos\AloneHero1\AloneHero1\Enemy.cpp(117,31): warning C4244: аргумент: преобразование "double" в "float", возможна потеря данных
C:\Users\Alexandr\source\repos\AloneHero1\AloneHero1\Enemy.cpp(117,28): warning C4244: аргумент: преобразование "double" в "float", возможна потеря данных
  Entity.cpp
C:\Users\Alexandr\source\repos\AloneHero1\AloneHero1\Goblin.h(7,97): warning C4244: аргумент: преобразование "double" в "int", возможна потеря данных
C:\Users\Alexandr\source\repos\AloneHero1\AloneHero1\Entity.cpp(42,114): warning C4244: аргумент: преобразование "double" в "T", возможна потеря данных
          with
          [
              T=int
          ]
C:\Users\Alexandr\source\repos\AloneHero1\AloneHero1\Entity.cpp(42,107): warning C4244: аргумент: преобразование "double" в "T", возможна потеря данных
          with
          [
              T=int
          ]
C:\Users\Alexandr\source\repos\AloneHero1\AloneHero1\Entity.cpp(42,93): warning C4244: аргумент: преобразование "double" в "T", возможна потеря данных
          with
          [
              T=int
          ]
C:\Users\Alexandr\source\repos\AloneHero1\AloneHero1\Entity.cpp(42,51): warning C4244: аргумент: преобразование "double" в "T", возможна потеря данных
          with
          [
              T=int
          ]
C:\Users\Alexandr\source\repos\AloneHero1\AloneHero1\Entity.cpp(43,40): warning C4244: аргумент: преобразование "double" в "float", возможна потеря данных
C:\Users\Alexandr\source\repos\AloneHero1\AloneHero1\Entity.cpp(43,31): warning C4244: аргумент: преобразование "double" в "float", возможна потеря данных
C:\Users\Alexandr\source\repos\AloneHero1\AloneHero1\Entity.cpp(71,116): warning C4244: аргумент: преобразование "double" в "T", возможна потеря данных
          with
          [
              T=int
          ]
C:\Users\Alexandr\source\repos\AloneHero1\AloneHero1\Entity.cpp(71,109): warning C4244: аргумент: преобразование "double" в "T", возможна потеря данных
          with
          [
              T=int
          ]
C:\Users\Alexandr\source\repos\AloneHero1\AloneHero1\Entity.cpp(71,95): warning C4244: аргумент: преобразование "double" в "T", возможна потеря данных
          with
          [
              T=int
          ]
C:\Users\Alexandr\source\repos\AloneHero1\AloneHero1\Entity.cpp(71,53): warning C4244: аргумент: преобразование "double" в "T", возможна потеря данных
          with
          [
              T=int
          ]
C:\Users\Alexandr\source\repos\AloneHero1\AloneHero1\Entity.cpp(72,42): warning C4244: аргумент: преобразование "double" в "float", возможна потеря данных
C:\Users\Alexandr\source\repos\AloneHero1\AloneHero1\Entity.cpp(72,33): warning C4244: аргумент: преобразование "double" в "float", возможна потеря данных
C:\Users\Alexandr\source\repos\AloneHero1\AloneHero1\Entity.cpp(84,25): warning C4244: -=: преобразование "double" в "int", возможна потеря данных
C:\Users\Alexandr\source\repos\AloneHero1\AloneHero1\Entity.cpp(102,117): warning C4244: аргумент: преобразование "double" в "T", возможна потеря данных
          with
          [
              T=int
          ]
C:\Users\Alexandr\source\repos\AloneHero1\AloneHero1\Entity.cpp(102,110): warning C4244: аргумент: преобразование "double" в "T", возможна потеря данных
          with
          [
              T=int
          ]
C:\Users\Alexandr\source\repos\AloneHero1\AloneHero1\Entity.cpp(102,96): warning C4244: аргумент: преобразование "double" в "T", возможна потеря данных
          with
          [
              T=int
          ]
C:\Users\Alexandr\source\repos\AloneHero1\AloneHero1\Entity.cpp(102,54): warning C4244: аргумент: преобразование "double" в "T", возможна потеря данных
          with
          [
              T=int
          ]
C:\Users\Alexandr\source\repos\AloneHero1\AloneHero1\Entity.cpp(103,43): warning C4244: аргумент: преобразование "double" в "float", возможна потеря данных
C:\Users\Alexandr\source\repos\AloneHero1\AloneHero1\Entity.cpp(103,34): warning C4244: аргумент: преобразование "double" в "float", возможна потеря данных
C:\Users\Alexandr\source\repos\AloneHero1\AloneHero1\Entity.cpp(129,114): warning C4244: аргумент: преобразование "double" в "T", возможна потеря данных
          with
          [
              T=int
          ]
C:\Users\Alexandr\source\repos\AloneHero1\AloneHero1\Entity.cpp(129,107): warning C4244: аргумент: преобразование "double" в "T", возможна потеря данных
          with
          [
              T=int
          ]
C:\Users\Alexandr\source\repos\AloneHero1\AloneHero1\Entity.cpp(129,93): warning C4244: аргумент: преобразование "double" в "T", возможна потеря данных
          with
          [
              T=int
          ]
C:\Users\Alexandr\source\repos\AloneHero1\AloneHero1\Entity.cpp(129,51): warning C4244: аргумент: преобразование "double" в "T", возможна потеря данных
          with
          [
              T=int
          ]
C:\Users\Alexandr\source\repos\AloneHero1\AloneHero1\Entity.cpp(143,41): warning C4244: аргумент: преобразование "double" в "float", возможна потеря данных
C:\Users\Alexandr\source\repos\AloneHero1\AloneHero1\Entity.cpp(143,32): warning C4244: аргумент: преобразование "double" в "float", возможна потеря данных
C:\Users\Alexandr\source\repos\AloneHero1\AloneHero1\Entity.cpp(173,115): warning C4244: аргумент: преобразование "double" в "T", возможна потеря данных
          with
          [
              T=int
          ]
C:\Users\Alexandr\source\repos\AloneHero1\AloneHero1\Entity.cpp(173,108): warning C4244: аргумент: преобразование "double" в "T", возможна потеря данных
          with
          [
              T=int
          ]
C:\Users\Alexandr\source\repos\AloneHero1\AloneHero1\Entity.cpp(173,94): warning C4244: аргумент: преобразование "double" в "T", возможна потеря данных
          with
          [
              T=int
          ]
C:\Users\Alexandr\source\repos\AloneHero1\AloneHero1\Entity.cpp(173,52): warning C4244: аргумент: преобразование "double" в "T", возможна потеря данных
          with
          [
              T=int
          ]
C:\Users\Alexandr\source\repos\AloneHero1\AloneHero1\Entity.cpp(174,31): warning C4244: аргумент: преобразование "double" в "float", возможна потеря данных
C:\Users\Alexandr\source\repos\AloneHero1\AloneHero1\Entity.cpp(174,28): warning C4244: аргумент: преобразование "double" в "float", возможна потеря данных
C:\Users\Alexandr\source\repos\AloneHero1\AloneHero1\Entity.cpp(232,75): warning C4244: аргумент: преобразование "double" в "T", возможна потеря данных
          with
          [
              T=int
          ]
C:\Users\Alexandr\source\repos\AloneHero1\AloneHero1\Entity.cpp(232,68): warning C4244: аргумент: преобразование "double" в "T", возможна потеря данных
          with
          [
              T=int
          ]
C:\Users\Alexandr\source\repos\AloneHero1\AloneHero1\Entity.cpp(232,54): warning C4244: аргумент: преобразование "double" в "T", возможна потеря данных
          with
          [
              T=int
          ]
C:\Users\Alexandr\source\repos\AloneHero1\AloneHero1\Entity.cpp(232,40): warning C4244: аргумент: преобразование "double" в "T", возможна потеря данных
          with
          [
              T=int
          ]
C:\Users\Alexandr\source\repos\AloneHero1\AloneHero1\Entity.cpp(236,74): warning C4244: аргумент: преобразование "double" в "T", возможна потеря данных
          with
          [
              T=int
          ]
C:\Users\Alexandr\source\repos\AloneHero1\AloneHero1\Entity.cpp(236,67): warning C4244: аргумент: преобразование "double" в "T", возможна потеря данных
          with
          [
              T=int
          ]
C:\Users\Alexandr\source\repos\AloneHero1\AloneHero1\Entity.cpp(236,53): warning C4244: аргумент: преобразование "double" в "T", возможна потеря данных
          with
          [
              T=int
          ]
C:\Users\Alexandr\source\repos\AloneHero1\AloneHero1\Entity.cpp(236,39): warning C4244: аргумент: преобразование "double" в "T", возможна потеря данных
          with
          [
              T=int
          ]
C:\Users\Alexandr\source\repos\AloneHero1\AloneHero1\Entity.cpp(240,77): warning C4244: аргумент: преобразование "double" в "T", возможна потеря данных
          with
          [
              T=int
          ]
C:\Users\Alexandr\source\repos\AloneHero1\AloneHero1\Entity.cpp(240,70): warning C4244: аргумент: преобразование "double" в "T", возможна потеря данных
          with
          [
              T=int
          ]
C:\Users\Alexandr\source\repos\AloneHero1\AloneHero1\Entity.cpp(240,56): warning C4244: аргумент: преобразование "double" в "T", возможна потеря данных
          with
          [
              T=int
          ]
C:\Users\Alexandr\source\repos\AloneHero1\AloneHero1\Entity.cpp(240,42): warning C4244: аргумент: преобразование "double" в "T", возможна потеря данных
          with
          [
              T=int
          ]
C:\Users\Alexandr\source\repos\AloneHero1\AloneHero1\Entity.cpp(244,74): warning C4244: аргумент: преобразование "double" в "T", возможна потеря данных
          with
          [
              T=int
          ]
C:\Users\Alexandr\source\repos\AloneHero1\AloneHero1\Entity.cpp(244,67): warning C4244: аргумент: преобразование "double" в "T", возможна потеря данных
          with
          [
              T=int
          ]
C:\Users\Alexandr\source\repos\AloneHero1\AloneHero1\Entity.cpp(244,53): warning C4244: аргумент: преобразование "double" в "T", возможна потеря данных
          with
          [
              T=int
          ]
C:\Users\Alexandr\source\repos\AloneHero1\AloneHero1\Entity.cpp(244,39): warning C4244: аргумент: преобразование "double" в "T", возможна потеря данных
          with
          [
              T=int
          ]
C:\Users\Alexandr\source\repos\AloneHero1\AloneHero1\Entity.cpp(248,75): warning C4244: аргумент: преобразование "double" в "T", возможна потеря данных
          with
          [
              T=int
          ]
C:\Users\Alexandr\source\repos\AloneHero1\AloneHero1\Entity.cpp(248,68): warning C4244: аргумент: преобразование "double" в "T", возможна потеря данных
          with
          [
              T=int
          ]
C:\Users\Alexandr\source\repos\AloneHero1\AloneHero1\Entity.cpp(248,54): warning C4244: аргумент: преобразование "double" в "T", возможна потеря данных
          with
          [
              T=int
          ]
C:\Users\Alexandr\source\repos\AloneHero1\AloneHero1\Entity.cpp(248,40): warning C4244: аргумент: преобразование "double" в "T", возможна потеря данных
          with
          [
              T=int
          ]
C:\Users\Alexandr\source\repos\AloneHero1\AloneHero1\Entity.cpp(252,75): warning C4244: аргумент: преобразование "double" в "T", возможна потеря данных
          with
          [
              T=int
          ]
C:\Users\Alexandr\source\repos\AloneHero1\AloneHero1\Entity.cpp(252,68): warning C4244: аргумент: преобразование "double" в "T", возможна потеря данных
          with
          [
              T=int
          ]
C:\Users\Alexandr\source\repos\AloneHero1\AloneHero1\Entity.cpp(252,54): warning C4244: аргумент: преобразование "double" в "T", возможна потеря данных
          with
          [
              T=int
          ]
C:\Users\Alexandr\source\repos\AloneHero1\AloneHero1\Entity.cpp(252,40): warning C4244: аргумент: преобразование "double" в "T", возможна потеря данных
          with
          [
              T=int
          ]
C:\Users\Alexandr\source\repos\AloneHero1\AloneHero1\Entity.cpp(256,76): warning C4244: аргумент: преобразование "double" в "T", возможна потеря данных
          with
          [
              T=int
          ]
C:\Users\Alexandr\source\repos\AloneHero1\AloneHero1\Entity.cpp(256,69): warning C4244: аргумент: преобразование "double" в "T", возможна потеря данных
          with
          [
              T=int
          ]
C:\Users\Alexandr\source\repos\AloneHero1\AloneHero1\Entity.cpp(256,55): warning C4244: аргумент: преобразование "double" в "T", возможна потеря данных
          with
          [
              T=int
          ]
C:\Users\Alexandr\source\repos\AloneHero1\AloneHero1\Entity.cpp(256,41): warning C4244: аргумент: преобразование "double" в "T", возможна потеря данных
          with
          [
              T=int
          ]
C:\Users\Alexandr\source\repos\AloneHero1\AloneHero1\Entity.cpp(268,32): warning C4244: аргумент: преобразование "double" в "T", возможна потеря данных
          with
          [
              T=float
          ]
C:\Users\Alexandr\source\repos\AloneHero1\AloneHero1\Entity.cpp(268,25): warning C4244: аргумент: преобразование "double" в "T", возможна потеря данных
          with
          [
              T=float
          ]
C:\Users\Alexandr\source\repos\AloneHero1\AloneHero1\Entity.cpp(268,22): warning C4244: аргумент: преобразование "double" в "T", возможна потеря данных
          with
          [
              T=float
          ]
C:\Users\Alexandr\source\repos\AloneHero1\AloneHero1\Entity.cpp(268,19): warning C4244: аргумент: преобразование "double" в "T", возможна потеря данных
          with
          [
              T=float
          ]
C:\Users\Alexandr\source\repos\AloneHero1\AloneHero1\Entity.cpp(290,68): warning C4244: аргумент: преобразование "double" в "T", возможна потеря данных
          with
          [
              T=float
          ]
C:\Users\Alexandr\source\repos\AloneHero1\AloneHero1\Entity.cpp(290,23): warning C4244: аргумент: преобразование "double" в "T", возможна потеря данных
          with
          [
              T=float
          ]
C:\Users\Alexandr\source\repos\AloneHero1\AloneHero1\Entity.cpp(290,20): warning C4244: аргумент: преобразование "double" в "T", возможна потеря данных
          with
          [
              T=float
          ]
C:\Users\Alexandr\source\repos\AloneHero1\AloneHero1\Entity.cpp(294,68): warning C4244: аргумент: преобразование "double" в "T", возможна потеря данных
          with
          [
              T=float
          ]
C:\Users\Alexandr\source\repos\AloneHero1\AloneHero1\Entity.cpp(294,28): warning C4244: аргумент: преобразование "double" в "T", возможна потеря данных
          with
          [
              T=float
          ]
C:\Users\Alexandr\source\repos\AloneHero1\AloneHero1\Entity.cpp(294,22): warning C4244: аргумент: преобразование "double" в "T", возможна потеря данных
          with
          [
              T=float
          ]
  Eye.cpp
  Game.cpp
C:\Users\Alexandr\source\repos\AloneHero1\AloneHero1\Goblin.h(7,97): warning C4244: аргумент: преобразование "double" в "int", возможна потеря данных
C:\Users\Alexandr\source\repos\AloneHero1\AloneHero1\Game.cpp(18,20): warning C4244: инициализация: преобразование "sf::Int64" в "float", возможна потеря данных
  Goblin.cpp
C:\Users\Alexandr\source\repos\AloneHero1\AloneHero1\Goblin.h(7,97): warning C4244: аргумент: преобразование "double" в "int", возможна потеря данных
  Level.cpp
C:\Users\Alexandr\source\repos\AloneHero1\AloneHero1\Goblin.h(7,97): warning C4244: аргумент: преобразование "double" в "int", возможна потеря данных
C:\Users\Alexandr\source\repos\AloneHero1\AloneHero1\Level.cpp(96,18): warning C4244: инициализация: преобразование "double" в "float", возможна потеря данных
C:\Users\Alexandr\source\repos\AloneHero1\AloneHero1\Level.cpp(97,24): warning C4244: =: преобразование "float" в "int", возможна потеря данных
C:\Users\Alexandr\source\repos\AloneHero1\AloneHero1\Level.cpp(141,41): warning C4244: аргумент: преобразование "int" в "float", возможна потеря данных
C:\Users\Alexandr\source\repos\AloneHero1\AloneHero1\Level.cpp(141,26): warning C4244: аргумент: преобразование "int" в "float", возможна потеря данных
C:\Users\Alexandr\source\repos\AloneHero1\AloneHero1\Level.cpp(202,27): warning C4244: аргумент: преобразование "int" в "float", возможна потеря данных
C:\Users\Alexandr\source\repos\AloneHero1\AloneHero1\Level.cpp(202,24): warning C4244: аргумент: преобразование "int" в "float", возможна потеря данных
C:\Users\Alexandr\source\repos\AloneHero1\AloneHero1\Level.cpp(223,22): warning C4244: =: преобразование "int" в "T", возможна потеря данных
          with
          [
              T=float
          ]
C:\Users\Alexandr\source\repos\AloneHero1\AloneHero1\Level.cpp(224,23): warning C4244: =: преобразование "int" в "T", возможна потеря данных
          with
          [
              T=float
          ]
C:\Users\Alexandr\source\repos\AloneHero1\AloneHero1\Level.cpp(225,25): warning C4244: =: преобразование "int" в "T", возможна потеря данных
          with
          [
              T=float
          ]
C:\Users\Alexandr\source\repos\AloneHero1\AloneHero1\Level.cpp(226,24): warning C4244: =: преобразование "int" в "T", возможна потеря данных
          with
          [
              T=float
          ]
C:\Users\Alexandr\source\repos\AloneHero1\AloneHero1\Level.cpp(48,16): warning C4101: image: неиспользованная локальная переменная
C:\Users\Alexandr\source\repos\AloneHero1\AloneHero1\Level.cpp(332,51): warning C4244: аргумент: преобразование "T" в "float", возможна потеря данных
          with
          [
              T=int
          ]
C:\Users\Alexandr\source\repos\AloneHero1\AloneHero1\Level.cpp(332,31): warning C4244: аргумент: преобразование "T" в "float", возможна потеря данных
          with
          [
              T=int
          ]
C:\Users\Alexandr\source\repos\AloneHero1\AloneHero1\Level.cpp(358,24): warning C4244: аргумент: преобразование "double" в "float", возможна потеря данных
C:\Users\Alexandr\source\repos\AloneHero1\AloneHero1\Level.cpp(358,17): warning C4244: аргумент: преобразование "double" в "float", возможна потеря данных
C:\Users\Alexandr\source\repos\AloneHero1\AloneHero1\Level.cpp(367,130): warning C4244: аргумент: преобразование "double" в "int", возможна потеря данных
C:\Users\Alexandr\source\repos\AloneHero1\AloneHero1\Level.cpp(430,64): warning C4244: аргумент: преобразование "double" в "int", возможна потеря данных
C:\Users\Alexandr\source\repos\AloneHero1\AloneHero1\Level.cpp(472,63): warning C4244: аргумент: преобразование "double" в "int", возможна потеря данных
  Mushroom.cpp
  Player.cpp
C:\Users\Alexandr\source\repos\AloneHero1\AloneHero1\Goblin.h(7,97): warning C4244: аргумент: преобразование "double" в "int", возможна потеря данных
C:\Users\Alexandr\source\repos\AloneHero1\AloneHero1\Player.cpp(31,115): warning C4244: аргумент: преобразование "double" в "T", возможна потеря данных
          with
          [
              T=int
          ]
C:\Users\Alexandr\source\repos\AloneHero1\AloneHero1\Player.cpp(31,108): warning C4244: аргумент: преобразование "double" в "T", возможна потеря данных
          with
          [
              T=int
          ]
C:\Users\Alexandr\source\repos\AloneHero1\AloneHero1\Player.cpp(31,94): warning C4244: аргумент: преобразование "double" в "T", возможна потеря данных
          with
          [
              T=int
          ]
C:\Users\Alexandr\source\repos\AloneHero1\AloneHero1\Player.cpp(31,52): warning C4244: аргумент: преобразование "double" в "T", возможна потеря данных
          with
          [
              T=int
          ]
C:\Users\Alexandr\source\repos\AloneHero1\AloneHero1\Player.cpp(32,41): warning C4244: аргумент: преобразование "double" в "float", возможна потеря данных
C:\Users\Alexandr\source\repos\AloneHero1\AloneHero1\Player.cpp(32,32): warning C4244: аргумент: преобразование "double" в "float", возможна потеря данных
C:\Users\Alexandr\source\repos\AloneHero1\AloneHero1\Player.cpp(67,115): warning C4244: аргумент: преобразование "double" в "T", возможна потеря данных
          with
          [
              T=int
          ]
C:\Users\Alexandr\source\repos\AloneHero1\AloneHero1\Player.cpp(67,108): warning C4244: аргумент: преобразование "double" в "T", возможна потеря данных
          with
          [
              T=int
          ]
C:\Users\Alexandr\source\repos\AloneHero1\AloneHero1\Player.cpp(67,94): warning C4244: аргумент: преобразование "double" в "T", возможна потеря данных
          with
          [
              T=int
          ]
C:\Users\Alexandr\source\repos\AloneHero1\AloneHero1\Player.cpp(67,52): warning C4244: аргумент: преобразование "double" в "T", возможна потеря данных
          with
          [
              T=int
          ]
C:\Users\Alexandr\source\repos\AloneHero1\AloneHero1\Player.cpp(68,31): warning C4244: аргумент: преобразование "double" в "float", возможна потеря данных
C:\Users\Alexandr\source\repos\AloneHero1\AloneHero1\Player.cpp(68,28): warning C4244: аргумент: преобразование "double" в "float", возможна потеря данных
  Skeleton.cpp
  main.cpp
C:\Users\Alexandr\source\repos\AloneHero1\AloneHero1\Goblin.h(7,97): warning C4244: аргумент: преобразование "double" в "int", возможна потеря данных
  Создание кода...
C:\Users\Alexandr\source\repos\AloneHero1\AloneHero1\Level.cpp(287): warning C4715: Level::GetObject: значение возвращается не при всех путях выполнения
C:\Users\Alexandr\source\repos\AloneHero1\AloneHero1\Entity.cpp(221): warning C4715: Entity::GetSprite: значение возвращается не при всех путях выполнения
C:\Users\Alexandr\source\repos\AloneHero1\AloneHero1\Entity.cpp(296): warning C4715: Entity::getHitRect: значение возвращается не при всех путях выполнения
LINK : warning LNK4199: параметр /DELAYLOAD:z игнорируется; не найдены операции импорта из z
  AloneHero1.vcxproj -> C:\Users\Alexandr\source\repos\AloneHero1\x64\Debug\AloneHero1.exe
